<?xml version="1.0" encoding="UTF-8"?>
<!-- Generated by org.testng.reporters.JUnitXMLReporter -->
<testsuite ignored="0" hostname="DORK" failures="1" tests="2" name="FirefoxTest" time="26.627" errors="0" timestamp="2024-11-06T13:18:01 GMT+06:00">
  <testcase classname="testCases.TC001_AccountRegistrationTest" name="verify_account_registration" time="1.892"/>
  <testcase classname="testCases.TC002_LoginTest" name="verify_login" time="11.081">
    <failure type="java.lang.AssertionError" message="expected [true] but found [false]">
      <![CDATA[java.lang.AssertionError: expected [true] but found [false]
at testCases.TC002_LoginTest.verify_login(TC002_LoginTest.java:32)
at java.base/java.util.ArrayList.forEach(ArrayList.java:1597)
... Removed 29 stack frames]]>
    </failure>
  </testcase> <!-- verify_login -->
</testsuite> <!-- FirefoxTest -->
